loading app ryu.app.rest_qos
loading app ryu.app.rest_conf_switch
loading app ./qos_simple_switch_13.py
loading app ryu.app.ofctl_rest
loading app flowmanager/flowmanager.py
loading app ryu.controller.ofp_handler
loading app ryu.topology.switches
loading app ryu.controller.ofp_handler
instantiating app None of DPSet
creating context dpset
instantiating app None of ConfSwitchSet
creating context conf_switch
creating context wsgi
instantiating app ryu.app.rest_conf_switch of ConfSwitchAPI
instantiating app ryu.controller.ofp_handler of OFPHandler
instantiating app ryu.app.rest_qos of RestQoSAPI
instantiating app ./qos_simple_switch_13.py of SimpleSwitch13
instantiating app ryu.app.ofctl_rest of RestStatsApi
instantiating app ryu.topology.switches of Switches
instantiating app flowmanager/flowmanager.py of FlowManager
Created flowmanager
(211) wsgi starting up on http://0.0.0.0:8080
[QoS][INFO] dpid=0000000000000001: Join qos switch.
[QoS][INFO] dpid=0000000000000002: Join qos switch.
packet in 2 7e:d7:03:61:c5:0d 33:33:00:00:00:16 1
packet in 2 7e:d7:03:61:c5:0d 33:33:00:00:00:02 1
packet in 2 7e:d7:03:61:c5:0d 33:33:00:00:00:16 1
packet in 1 b2:6f:06:ee:44:ba 33:33:00:00:00:02 3
packet in 1 ca:43:e1:b7:8c:c3 33:33:00:00:00:02 1
packet in 2 ca:43:e1:b7:8c:c3 33:33:00:00:00:02 1
[QoS][INFO] dpid=0000000000000003: Join qos switch.
(211) accepted ('10.0.1.1', 7388)
10.0.1.1 - - [26/Jan/2025 22:19:05] "POST /stats/flowentry/add HTTP/1.1" 200 115 0.008534
(211) accepted ('10.0.1.1', 17192)
10.0.1.1 - - [26/Jan/2025 22:19:05] "POST /stats/flowentry/add HTTP/1.1" 200 115 0.000876
(211) accepted ('10.0.1.1', 6246)
10.0.1.1 - - [26/Jan/2025 22:19:05] "POST /stats/flowentry/add HTTP/1.1" 200 115 0.000684
(211) accepted ('10.0.1.1', 58872)
10.0.1.1 - - [26/Jan/2025 22:19:05] "POST /stats/flowentry/add HTTP/1.1" 200 115 0.000986
(211) accepted ('10.0.1.1', 37526)
10.0.1.1 - - [26/Jan/2025 22:19:05] "POST /stats/flowentry/add HTTP/1.1" 200 115 0.001372
(211) accepted ('10.0.1.1', 59215)
10.0.1.1 - - [26/Jan/2025 22:19:05] "POST /stats/flowentry/add HTTP/1.1" 200 115 0.000625
(211) accepted ('10.0.1.1', 35660)
10.0.1.1 - - [26/Jan/2025 22:19:05] "PUT /v1.0/conf/switches/0000000000000001/ovsdb_addr HTTP/1.1" 201 120 0.000735
packet in 2 7e:d7:03:61:c5:0d 33:33:00:00:00:02 1
(211) accepted ('10.0.1.1', 47029)
10.0.1.1 - - [26/Jan/2025 22:19:10] "POST /qos/queue/0000000000000001 HTTP/1.1" 200 282 0.028750
packet in 3 b2:6f:06:ee:44:ba 33:33:00:00:00:02 2
(211) accepted ('10.0.1.1', 37903)
10.0.1.1 - - [26/Jan/2025 22:19:13] "POST /qos/rules/0000000000000001 HTTP/1.1" 200 223 0.000850
packet in 2 7e:d7:03:61:c5:0d 33:33:00:00:00:02 1
(211) accepted ('10.0.1.1', 43965)
10.0.1.1 - - [26/Jan/2025 22:19:16] "POST /qos/rules/0000000000000001 HTTP/1.1" 200 223 0.001098
(211) accepted ('10.0.1.1', 6439)
10.0.1.1 - - [26/Jan/2025 22:19:19] "GET /qos/rules/0000000000000001 HTTP/1.1" 200 967 0.003739
packet in 3 b2:6f:06:ee:44:ba 33:33:00:00:00:02 2
packet in 2 7e:d7:03:61:c5:0d 33:33:00:00:00:02 1
packet in 3 3a:26:c5:08:19:34 33:33:00:00:00:02 2
packet in 3 8a:f6:96:0b:00:5a 33:33:00:00:00:02 2
packet in 3 ce:cc:50:9f:d8:2d 33:33:00:00:00:02 2
packet in 3 ee:8f:97:70:e1:2e 33:33:00:00:00:02 2
packet in 2 7e:d7:03:61:c5:0d 33:33:00:00:00:02 1
packet in 3 b2:6f:06:ee:44:ba 33:33:00:00:00:02 2
packet in 2 ca:43:e1:b7:8c:c3 33:33:00:00:00:02 1
packet in 2 5a:fa:25:4e:5d:21 33:33:00:00:00:16 2
packet in 3 5a:fa:25:4e:5d:21 33:33:00:00:00:16 2
packet in 2 5a:fa:25:4e:5d:21 33:33:00:00:00:16 2
packet in 3 5a:fa:25:4e:5d:21 33:33:00:00:00:16 2
packet in 2 5a:fa:25:4e:5d:21 33:33:ff:4e:5d:21 2
packet in 3 5a:fa:25:4e:5d:21 33:33:ff:4e:5d:21 2
packet in 2 5a:fa:25:4e:5d:21 33:33:00:00:00:16 2
packet in 3 5a:fa:25:4e:5d:21 33:33:00:00:00:16 2
packet in 2 5a:fa:25:4e:5d:21 33:33:00:00:00:02 2
packet in 3 5a:fa:25:4e:5d:21 33:33:00:00:00:02 2
packet in 2 5a:fa:25:4e:5d:21 33:33:00:00:00:16 2
packet in 3 5a:fa:25:4e:5d:21 33:33:00:00:00:16 2
packet in 2 5a:fa:25:4e:5d:21 33:33:00:00:00:fb 2
packet in 3 5a:fa:25:4e:5d:21 33:33:00:00:00:fb 2
packet in 2 5a:fa:25:4e:5d:21 33:33:00:00:00:fb 2
packet in 3 5a:fa:25:4e:5d:21 33:33:00:00:00:fb 2
packet in 2 5a:fa:25:4e:5d:21 33:33:00:00:00:fb 2
packet in 3 5a:fa:25:4e:5d:21 33:33:00:00:00:fb 2
packet in 2 5a:fa:25:4e:5d:21 33:33:00:00:00:16 2
packet in 3 5a:fa:25:4e:5d:21 33:33:00:00:00:16 2
packet in 2 5a:fa:25:4e:5d:21 33:33:00:00:00:16 2
packet in 3 5a:fa:25:4e:5d:21 33:33:00:00:00:16 2
packet in 2 5a:fa:25:4e:5d:21 33:33:00:00:00:fb 2
packet in 3 5a:fa:25:4e:5d:21 33:33:00:00:00:fb 2
packet in 2 5a:fa:25:4e:5d:21 33:33:00:00:00:fb 2
packet in 3 5a:fa:25:4e:5d:21 33:33:00:00:00:fb 2
packet in 2 5a:fa:25:4e:5d:21 33:33:00:00:00:fb 2
packet in 3 5a:fa:25:4e:5d:21 33:33:00:00:00:fb 2
packet in 3 1e:55:a1:db:3e:49 33:33:00:00:00:16 1
packet in 2 1e:55:a1:db:3e:49 33:33:00:00:00:16 1
packet in 2 5a:fa:25:4e:5d:21 33:33:00:00:00:02 2
packet in 3 5a:fa:25:4e:5d:21 33:33:00:00:00:02 2
packet in 3 1e:55:a1:db:3e:49 33:33:ff:db:3e:49 1
packet in 2 1e:55:a1:db:3e:49 33:33:ff:db:3e:49 1
packet in 3 1e:55:a1:db:3e:49 33:33:00:00:00:16 1
packet in 2 1e:55:a1:db:3e:49 33:33:00:00:00:16 1
packet in 3 1e:55:a1:db:3e:49 33:33:00:00:00:16 1
packet in 3 1e:55:a1:db:3e:49 33:33:00:00:00:02 1
packet in 2 1e:55:a1:db:3e:49 33:33:00:00:00:16 1
packet in 2 1e:55:a1:db:3e:49 33:33:00:00:00:02 1
packet in 3 1e:55:a1:db:3e:49 33:33:00:00:00:16 1
packet in 2 1e:55:a1:db:3e:49 33:33:00:00:00:16 1
packet in 3 1e:55:a1:db:3e:49 33:33:00:00:00:fb 1
packet in 2 1e:55:a1:db:3e:49 33:33:00:00:00:fb 1
packet in 3 1e:55:a1:db:3e:49 33:33:00:00:00:16 1
packet in 3 1e:55:a1:db:3e:49 33:33:00:00:00:16 1
papacket in 2 1e:55:a1:db:3e:49 33:33:00:00:00:fb 2
packet in 3 1e:55:a1:db:3e:49 33:33:00:00:00:fb 2
packet in 2 1e:55:a1:db:3e:49 33:33:00:00:00:16 2
packet in 2 1e:55:a1:db:3e:49 33:33:00:00:00:16 packet in 3 1e:55:a1:db:3e:49 33:33:00:00:00:fb 1
packet in 2 1e:55:a1:db:3e:49 33:33:00:00:00:fb 1
packet in 3 1e:55:a1:db:3e:49 33:33:00:00:00:fb 1
packet in 2 1e:55:a1:db:3e:49 33:33:00:00:00:fb 1
packet in 3 1e:55:a1:db:3e:49 33:33:00:00:00:fb 1
packet in 2 1e:55:a1:db:3e:49 33:33:00:00:00:fb 1
packet in 2 d2:bf:26:08:f9:bb 33:33:00:00:00:02 2
packet in 3 d2:bf:26:08:f9:bb 33:33:00:00:00:02 2
packet in 3 1e:55:a1:db:3e:49 33:33:00:00:00:02 1
packet in 2 1e:55:a1:db:3e:49 33:33:00:00:00:02 1
packet in 3 1e:55:a1:db:3e:49 33:33:00:00:00:fb 1
packet in 2 1e:55:a1:db:3e:49 33:33:00:00:00:fb 1
packet in 2 5a:fa:25:4e:5d:21 33:33:00:00:00:02 2
packet in 3 5a:fa:25:4e:5d:21 33:33:00:00:00:02 2
packet in 3 1e:55:a1:db:3e:49 33:33:00:00:00:02 1
packet in 2 1e:55:a1:db:3e:49 33:33:00:00:00:02 1
packet in 2 fa:4d:19:72:c7:78 33:33:00:00:00:02 2
packet in 3 fa:4d:19:72:c7:78 33:33:00:00:00:02 2
packet in 2 5a:fa:25:4e:5d:21 33:33:00:00:00:02 2
packet in 3 5a:fa:25:4e:5d:21 33:33:00:00:00:02 2
packet in 3 1e:55:a1:db:3e:49 33:33:00:00:00:02 1
packet in 2 1e:55:a1:db:3e:49 33:33:00:00:00:02 1
packet in 2 7e:d7:03:61:c5:0d 33:33:00:00:00:02 1
packet in 3 b2:6f:06:ee:44:ba 33:33:00:00:00:02 2
packet in 2 a2:58:fe:c7:9c:d6 33:33:00:00:00:02 2
packet in 2 5a:fa:25:4e:5d:21 33:33:00:00:00:02 2
packet in 3 a2:58:fe:c7:9c:d6 33:33:00:00:00:02 2
packet in 3 5a:fa:25:4e:5d:21 33:33:00:00:00:02 2
packet in 3 1e:55:a1:db:3e:49 33:33:00:00:00:02 1
packet in 2 1e:55:a1:db:3e:49 33:33:00:00:00:02 1
packet in 3 ee:8f:97:70:e1:2e 33:33:00:00:00:02 2
packet in 2 ca:43:e1:b7:8c:c3 33:33:00:00:00:02 1
packet in 3 3a:26:c5:08:19:34 33:33:00:00:00:02 2
packet in 2 5a:fa:25:4e:5d:21 33:33:00:00:00:02 2
packet in 3 5a:fa:25:4e:5d:21 33:33:00:00:00:02 2
packet in 2 d2:bf:26:08:f9:bb 33:33:00:00:00:02 2
packet in 3 d2:bf:26:08:f9:bb 33:33:00:00:00:02 2
packet in 3 00:00:00:00:00:20 ff:ff:ff:ff:ff:ff 2
packet in 3 1e:55:a1:db:3e:49 33:33:00:00:00:02 1
packet in 2 1e:55:a1:db:3e:49 33:33:00:00:00:02 1
packet in 2 7e:d7:03:61:c5:0d 33:33:00:00:00:02 1
packet in 2 fa:4d:19:72:c7:78 33:33:00:00:00:02 2
packet in 3 fa:4d:19:72:c7:78 33:33:00:00:00:02 2
packet in 3 b2:6f:06:ee:44:ba 33:33:00:00:00:02 2
packet in 3 8a:f6:96:0b:00:5a 33:33:00:00:00:02 2
packet in 3 ce:cc:50:9f:d8:2d 33:33:00:00:00:02 2
packet in 2 5a:fa:25:4e:5d:21 33:33:00:00:00:02 2
packet in 3 5a:fa:25:4e:5d:21 33:33:00:00:00:02 2
packet in 3 1e:55:a1:db:3e:49 33:33:00:00:00:02 1
packet in 2 1e:55:a1:db:3e:49 33:33:00:00:00:02 1
packet in 3 ee:8f:97:70:e1:2e 33:33:00:00:00:02 2
packet in 2 a2:58:fe:c7:9c:d6 33:33:00:00:00:02 2
packet in 3 a2:58:fe:c7:9c:d6 33:33:00:00:00:02 2
packet in 2 ca:43:e1:b7:8c:c3 33:33:00:00:00:02 1
packet in 2 d2:bf:26:08:f9:bb 33:33:00:00:00:02 2
packet in 3 d2:bf:26:08:f9:bb 33:33:00:00:00:02 2
packet in 2 7e:d7:03:61:c5:0d 33:33:00:00:00:02 1
packet in 3 3a:26:c5:08:19:34 33:33:00:00:00:02 2
packet in 3 b2:6f:06:ee:44:ba 33:33:00:00:00:02 2
packet in 2 fa:4d:19:72:c7:78 33:33:00:00:00:02 2
packet in 3 fa:4d:19:72:c7:78 33:33:00:00:00:02 2
packet in 2 5a:fa:25:4e:5d:21 33:33:00:00:00:02 2
packet in 3 5a:fa:25:4e:5d:21 33:33:00:00:00:02 2
packet in 3 1e:55:a1:db:3e:49 33:33:00:00:00:02 1
packet in 2 1e:55:a1:db:3e:49 33:33:00:00:00:02 1
packet in 3 8a:f6:96:0b:00:5a 33:33:00:00:00:02 2
packet in 3 ce:cc:50:9f:d8:2d 33:33:00:00:00:02 2
packet in 3 ee:8f:97:70:e1:2e 33:33:00:00:00:02 2
2
packet in 3 92:af:d4:21:38:e8 33:33:00:00:00:02 2
packet in 2 fa:4d:19:72:c7:78 33:33:00:00:00:02 1
packet in 3 5a:fa:25:4e:5d:21 33:33:00:00:00:02 1
packet in 2 5a:fa:25:4e:5d:21 33:33:00:00:00:02 1
packet in 2 1e:55:a1:db:3e:49 33:33:00:00:00:02 2
packet in 3 1e:55:a1:db:3e:49 33:33:00:00:00:02 2
packet in 3 8a:f6:96:0b:00:5a 33:33:00:00:00:02 2
packet in 3 46:c2:e7:65:84:c0 33:33:00:00:00:02 2
